<?xml version="1.0" encoding="UTF-8"?>
<!-- Generated by org.testng.reporters.JUnitXMLReporter -->
<testsuite ignored="0" hostname="Sindu" failures="0" tests="6" name="Regression Functional Test" time="52.839" errors="0" timestamp="30 Apr 2020 11:08:57 GMT">
  <testcase classname="com.qa.hubspot.PagesTest.LoginTest" name="verifyPageTitleTest" time="0.672"/>
  <testcase classname="com.qa.hubspot.PagesTest.HomePageTest" name="verifyHomePageTitle" time="0.068"/>
  <testcase classname="com.qa.hubspot.PagesTest.LoginTest" name="verifySignUpLinkTest" time="0.126"/>
  <testcase classname="com.qa.hubspot.PagesTest.HomePageTest" name="verifyAccountName" time="0.28"/>
  <testcase classname="com.qa.hubspot.PagesTest.LoginTest" name="doLoginTest" time="5.703"/>
  <testcase classname="com.qa.hubspot.PagesTest.HomePageTest" name="verifyHomePageHeader" time="0.099"/>
</testsuite> <!-- Regression Functional Test -->
