<?xml version="1.0" encoding="UTF-8"?>
<!-- Generated by org.testng.reporters.JUnitXMLReporter -->
<testsuite ignored="0" hostname="Sindu" failures="0" tests="4" name="Default test" time="57.17" errors="0" timestamp="29 Apr 2020 06:52:27 GMT">
  <testcase classname="com.qa.hubspot.PagesTest.ContactsPageTest" name="createContact" time="12.853"/>
  <testcase classname="com.qa.hubspot.PagesTest.ContactsPageTest" name="createContact" time="9.974"/>
  <testcase classname="com.qa.hubspot.PagesTest.ContactsPageTest" name="createContact" time="10.072"/>
  <testcase classname="com.qa.hubspot.PagesTest.ContactsPageTest" name="verifyContactPageTitle" time="0.045"/>
</testsuite> <!-- Default test -->
