<?xml version="1.0" encoding="UTF-8"?>
<!-- Generated by org.testng.reporters.JUnitXMLReporter -->
<testsuite ignored="0" hostname="Sindu" failures="0" tests="6" name="SampleTest" time="49.036" errors="0" timestamp="24 Apr 2020 09:59:46 GMT">
  <testcase classname="com.qa.hubspot.PagesTest.HomePageTest" name="verifyHomePageTitle" time="0.049"/>
  <testcase classname="com.qa.hubspot.PagesTest.LoginTest" name="verifyPageTitleTest" time="0.015"/>
  <testcase classname="com.qa.hubspot.PagesTest.HomePageTest" name="verifyAccountName" time="0.239"/>
  <testcase classname="com.qa.hubspot.PagesTest.LoginTest" name="verifySignUpLinkTest" time="0.099"/>
  <testcase classname="com.qa.hubspot.PagesTest.HomePageTest" name="verifyHomePageHeader" time="0.086"/>
  <testcase classname="com.qa.hubspot.PagesTest.LoginTest" name="doLoginTest" time="5.742"/>
</testsuite> <!-- SampleTest -->
