<?xml version="1.0" encoding="UTF-8"?>
<testng-results ignored="0" total="6" passed="6" failed="0" skipped="0">
  <reporter-output>
  </reporter-output>
  <suite started-at="2020-04-30T11:08:04Z" name="Hubspot App Regression Test Suite" finished-at="2020-04-30T11:08:57Z" duration-ms="52839">
    <groups>
    </groups>
    <test started-at="2020-04-30T11:08:04Z" name="Regression Functional Test" finished-at="2020-04-30T11:08:57Z" duration-ms="52839">
      <class name="com.qa.hubspot.PagesTest.LoginTest">
        <test-method signature="verifyPageTitleTest()[pri:1, instance:com.qa.hubspot.PagesTest.LoginTest@288cdaab]" started-at="2020-04-30T11:08:47Z" name="verifyPageTitleTest" finished-at="2020-04-30T11:08:48Z" duration-ms="672" status="PASS">
          <reporter-output>
          </reporter-output>
        </test-method> <!-- verifyPageTitleTest -->
        <test-method signature="verifySignUpLinkTest()[pri:2, instance:com.qa.hubspot.PagesTest.LoginTest@288cdaab]" started-at="2020-04-30T11:08:49Z" name="verifySignUpLinkTest" finished-at="2020-04-30T11:08:49Z" duration-ms="126" status="PASS">
          <reporter-output>
          </reporter-output>
        </test-method> <!-- verifySignUpLinkTest -->
        <test-method signature="doLoginTest()[pri:3, instance:com.qa.hubspot.PagesTest.LoginTest@288cdaab]" started-at="2020-04-30T11:08:49Z" name="doLoginTest" finished-at="2020-04-30T11:08:55Z" duration-ms="5703" status="PASS">
          <reporter-output>
          </reporter-output>
        </test-method> <!-- doLoginTest -->
      </class> <!-- com.qa.hubspot.PagesTest.LoginTest -->
      <class name="com.qa.hubspot.PagesTest.HomePageTest">
        <test-method is-config="true" signature="setup()[pri:0, instance:com.qa.hubspot.PagesTest.HomePageTest@23b3aa8c]" started-at="2020-04-30T11:08:05Z" name="setup" finished-at="2020-04-30T11:08:32Z" duration-ms="27384" status="PASS">
          <reporter-output>
          </reporter-output>
        </test-method> <!-- setup -->
        <test-method is-config="true" signature="setup()[pri:0, instance:com.qa.hubspot.PagesTest.LoginTest@288cdaab]" started-at="2020-04-30T11:08:32Z" name="setup" finished-at="2020-04-30T11:08:47Z" duration-ms="15317" status="PASS">
          <reporter-output>
          </reporter-output>
        </test-method> <!-- setup -->
        <test-method signature="verifyHomePageTitle()[pri:1, instance:com.qa.hubspot.PagesTest.HomePageTest@23b3aa8c]" started-at="2020-04-30T11:08:48Z" name="verifyHomePageTitle" finished-at="2020-04-30T11:08:49Z" duration-ms="68" status="PASS">
          <reporter-output>
          </reporter-output>
        </test-method> <!-- verifyHomePageTitle -->
        <test-method signature="verifyAccountName()[pri:2, instance:com.qa.hubspot.PagesTest.HomePageTest@23b3aa8c]" started-at="2020-04-30T11:08:49Z" name="verifyAccountName" finished-at="2020-04-30T11:08:49Z" duration-ms="280" status="PASS">
          <reporter-output>
          </reporter-output>
        </test-method> <!-- verifyAccountName -->
        <test-method signature="verifyHomePageHeader()[pri:3, instance:com.qa.hubspot.PagesTest.HomePageTest@23b3aa8c]" started-at="2020-04-30T11:08:55Z" name="verifyHomePageHeader" finished-at="2020-04-30T11:08:55Z" duration-ms="99" status="PASS">
          <reporter-output>
          </reporter-output>
        </test-method> <!-- verifyHomePageHeader -->
        <test-method is-config="true" signature="tearDown()[pri:0, instance:com.qa.hubspot.PagesTest.HomePageTest@23b3aa8c]" started-at="2020-04-30T11:08:55Z" name="tearDown" finished-at="2020-04-30T11:08:56Z" duration-ms="1001" status="PASS">
          <reporter-output>
          </reporter-output>
        </test-method> <!-- tearDown -->
        <test-method is-config="true" signature="tearDown()[pri:0, instance:com.qa.hubspot.PagesTest.LoginTest@288cdaab]" started-at="2020-04-30T11:08:56Z" name="tearDown" finished-at="2020-04-30T11:08:57Z" duration-ms="719" status="PASS">
          <reporter-output>
          </reporter-output>
        </test-method> <!-- tearDown -->
      </class> <!-- com.qa.hubspot.PagesTest.HomePageTest -->
    </test> <!-- Regression Functional Test -->
  </suite> <!-- Hubspot App Regression Test Suite -->
</testng-results>
